<?xml version="1.0" encoding="UTF-8"?>
<robot generator="Robot 7.4.1 (Python 3.13.5 on win32)" generated="2026-03-06T10:45:16.116884" rpa="false" schemaversion="5">
<suite id="s1" name="Testingrobotframework" source="C:\Users\MeszarosGergo\Desktop\testingrobotframework">
<suite id="s1-s1" name="Termekreszletek" source="C:\Users\MeszarosGergo\Desktop\testingrobotframework\termekreszletek.robot">
<test id="s1-s1-t1" name="Termekoldal megnyitas nev" line="18">
<kw name="Login with valid user" owner="loginkeyword">
<kw name="Open Browser" owner="Selenium2Library">
<msg time="2026-03-06T10:45:16.303008" level="INFO">Opening browser 'chrome' to base url 'https://www.saucedemo.com/'.</msg>
<arg>https://www.saucedemo.com/</arg>
<arg>chrome</arg>
<doc>Opens a new browser instance to the optional ``url``.</doc>
<status status="PASS" start="2026-03-06T10:45:16.302695" elapsed="0.892719"/>
</kw>
<kw name="Input Text" owner="Selenium2Library">
<msg time="2026-03-06T10:45:17.196026" level="INFO">Typing text 'standard_user' into text field 'id=user-name'.</msg>
<arg>locator=id=user-name</arg>
<arg>text=standard_user</arg>
<doc>Types the given ``text`` into the text field identified by ``locator``.</doc>
<status status="PASS" start="2026-03-06T10:45:17.195640" elapsed="0.088682"/>
</kw>
<kw name="Input Password" owner="Selenium2Library">
<msg time="2026-03-06T10:45:17.284838" level="INFO">Typing password into text field 'id=password'.</msg>
<msg time="2026-03-06T10:45:17.306229" level="INFO">Temporally setting log level to: NONE</msg>
<arg>locator=id=password</arg>
<arg>password=secret_sauce</arg>
<doc>Types the given password into the text field identified by ``locator``.</doc>
<status status="PASS" start="2026-03-06T10:45:17.284537" elapsed="0.047212"/>
</kw>
<kw name="Click Button" owner="Selenium2Library">
<msg time="2026-03-06T10:45:17.332204" level="INFO">Clicking button '//*[@id="login-button"]'.</msg>
<arg>//*[@id="login-button"]</arg>
<doc>Clicks the button identified by ``locator``.</doc>
<status status="PASS" start="2026-03-06T10:45:17.331937" elapsed="0.069873"/>
</kw>
<status status="PASS" start="2026-03-06T10:45:16.301978" elapsed="1.100007"/>
</kw>
<kw name="Get Text" owner="Selenium2Library">
<msg time="2026-03-06T10:45:17.419990" level="INFO">${kulsonev} = Sauce Labs Backpack</msg>
<var>${kulsonev}</var>
<arg>//*[@id="item_4_title_link"]/div</arg>
<doc>Returns the text value of the element identified by ``locator``.</doc>
<status status="PASS" start="2026-03-06T10:45:17.402293" elapsed="0.018003"/>
</kw>
<kw name="Get Text" owner="Selenium2Library">
<msg time="2026-03-06T10:45:17.432087" level="INFO">${kulsoar} = $29.99</msg>
<var>${kulsoar}</var>
<arg>//*[@id="inventory_container"]/div/div[1]/div[2]/div[2]/div</arg>
<doc>Returns the text value of the element identified by ``locator``.</doc>
<status status="PASS" start="2026-03-06T10:45:17.420646" elapsed="0.011619"/>
</kw>
<kw name="Click Element" owner="Selenium2Library">
<msg time="2026-03-06T10:45:17.432936" level="INFO">Clicking element '//*[@id="item_4_title_link"]/div'.</msg>
<arg>//*[@id="item_4_title_link"]/div</arg>
<doc>Click the element identified by ``locator``.</doc>
<status status="PASS" start="2026-03-06T10:45:17.432631" elapsed="0.044456"/>
</kw>
<kw name="Get Text" owner="Selenium2Library">
<msg time="2026-03-06T10:45:17.489766" level="INFO">${belsonev} = Sauce Labs Backpack</msg>
<var>${belsonev}</var>
<arg>//*[@id="inventory_item_container"]/div/div/div[2]/div[1]</arg>
<doc>Returns the text value of the element identified by ``locator``.</doc>
<status status="PASS" start="2026-03-06T10:45:17.477376" elapsed="0.012556"/>
</kw>
<kw name="Get Text" owner="Selenium2Library">
<msg time="2026-03-06T10:45:17.501998" level="INFO">${belsoar} = $29.99</msg>
<var>${belsoar}</var>
<arg>//*[@id="inventory_item_container"]/div/div/div[2]/div[3]</arg>
<doc>Returns the text value of the element identified by ``locator``.</doc>
<status status="PASS" start="2026-03-06T10:45:17.490436" elapsed="0.011698"/>
</kw>
<kw name="Kulso-Belso ellenorzes nev">
<kw name="Should Be Equal As Strings" owner="BuiltIn">
<arg>'${kulso}'</arg>
<arg>'${belso}'</arg>
<arg>Nem ugyanaz a belső és a külső név</arg>
<doc>Fails if objects are unequal after converting them to strings.</doc>
<status status="PASS" start="2026-03-06T10:45:17.502870" elapsed="0.000419"/>
</kw>
<arg>kulso=${kulsonev}</arg>
<arg>belso=${belsonev}</arg>
<status status="PASS" start="2026-03-06T10:45:17.502494" elapsed="0.000905"/>
</kw>
<kw name="Kulso-Belso ellenorzes ar">
<kw name="Should Be Equal As Strings" owner="BuiltIn">
<arg>'${kulso}'</arg>
<arg>'${belso}'</arg>
<arg>Nem ugyanaz a belső és a külső ár</arg>
<doc>Fails if objects are unequal after converting them to strings.</doc>
<status status="PASS" start="2026-03-06T10:45:17.503969" elapsed="0.000329"/>
</kw>
<arg>kulso=${kulsoar}</arg>
<arg>belso=${belsoar}</arg>
<status status="PASS" start="2026-03-06T10:45:17.503650" elapsed="0.000746"/>
</kw>
<kw name="Page Should Contain Element" owner="Selenium2Library">
<msg time="2026-03-06T10:45:17.511614" level="INFO">Current page contains element '//*[@id="inventory_item_container"]/div/div/div[1]/img'.</msg>
<arg>//*[@id="inventory_item_container"]/div/div/div[1]/img</arg>
<doc>Verifies that element ``locator`` is found on the current page.</doc>
<status status="PASS" start="2026-03-06T10:45:17.504572" elapsed="0.007233"/>
</kw>
<kw name="Page Should Contain Element" owner="Selenium2Library">
<msg time="2026-03-06T10:45:17.518030" level="INFO">Current page contains element '//*[@id="inventory_item_container"]/div/div/div[2]/div[2]'.</msg>
<arg>//*[@id="inventory_item_container"]/div/div/div[2]/div[2]</arg>
<doc>Verifies that element ``locator`` is found on the current page.</doc>
<status status="PASS" start="2026-03-06T10:45:17.512218" elapsed="0.006016"/>
</kw>
<kw name="Should Not Be Empty" owner="BuiltIn">
<msg time="2026-03-06T10:45:17.518887" level="INFO">Length is 57.</msg>
<arg>//*[@id="inventory_item_container"]/div/div/div[2]/div[2]</arg>
<doc>Verifies that the given item is not empty.</doc>
<status status="PASS" start="2026-03-06T10:45:17.518492" elapsed="0.000515"/>
</kw>
<kw name="Should Not Be Empty" owner="BuiltIn">
<msg time="2026-03-06T10:45:17.519503" level="INFO">Length is 54.</msg>
<arg>//*[@id="inventory_item_container"]/div/div/div[1]/img</arg>
<doc>Verifies that the given item is not empty.</doc>
<status status="PASS" start="2026-03-06T10:45:17.519228" elapsed="0.000375"/>
</kw>
<kw name="Click Button" owner="Selenium2Library">
<msg time="2026-03-06T10:45:17.519967" level="INFO">Clicking button '//*[@id="back-to-products"]'.</msg>
<arg>//*[@id="back-to-products"]</arg>
<doc>Clicks the button identified by ``locator``.</doc>
<status status="PASS" start="2026-03-06T10:45:17.519785" elapsed="0.048328"/>
</kw>
<kw name="Page Should Contain Element" owner="Selenium2Library">
<msg time="2026-03-06T10:45:17.575593" level="INFO">Current page contains element '//*[@id="header_container"]/div[2]/span'.</msg>
<arg>//*[@id="header_container"]/div[2]/span</arg>
<doc>Verifies that element ``locator`` is found on the current page.</doc>
<status status="PASS" start="2026-03-06T10:45:17.568418" elapsed="0.007378"/>
</kw>
<kw name="Close Browser" owner="Selenium2Library">
<doc>Closes the current browser.</doc>
<status status="PASS" start="2026-03-06T10:45:17.576122" elapsed="2.106893"/>
</kw>
<status status="PASS" start="2026-03-06T10:45:16.299406" elapsed="3.383963"/>
</test>
<test id="s1-s1-t2" name="Termekoldal megnyitas kep" line="35">
<kw name="Login with valid user" owner="loginkeyword">
<kw name="Open Browser" owner="Selenium2Library">
<msg time="2026-03-06T10:45:19.690385" level="INFO">Opening browser 'chrome' to base url 'https://www.saucedemo.com/'.</msg>
<arg>https://www.saucedemo.com/</arg>
<arg>chrome</arg>
<doc>Opens a new browser instance to the optional ``url``.</doc>
<status status="PASS" start="2026-03-06T10:45:19.690157" elapsed="0.855667"/>
</kw>
<kw name="Input Text" owner="Selenium2Library">
<msg time="2026-03-06T10:45:20.546385" level="INFO">Typing text 'standard_user' into text field 'id=user-name'.</msg>
<arg>locator=id=user-name</arg>
<arg>text=standard_user</arg>
<doc>Types the given ``text`` into the text field identified by ``locator``.</doc>
<status status="PASS" start="2026-03-06T10:45:20.546010" elapsed="0.068949"/>
</kw>
<kw name="Input Password" owner="Selenium2Library">
<msg time="2026-03-06T10:45:20.615448" level="INFO">Typing password into text field 'id=password'.</msg>
<msg time="2026-03-06T10:45:20.634562" level="INFO">Temporally setting log level to: NONE</msg>
<arg>locator=id=password</arg>
<arg>password=secret_sauce</arg>
<doc>Types the given password into the text field identified by ``locator``.</doc>
<status status="PASS" start="2026-03-06T10:45:20.615137" elapsed="0.049222"/>
</kw>
<kw name="Click Button" owner="Selenium2Library">
<msg time="2026-03-06T10:45:20.664774" level="INFO">Clicking button '//*[@id="login-button"]'.</msg>
<arg>//*[@id="login-button"]</arg>
<doc>Clicks the button identified by ``locator``.</doc>
<status status="PASS" start="2026-03-06T10:45:20.664527" elapsed="0.065313"/>
</kw>
<status status="PASS" start="2026-03-06T10:45:19.689773" elapsed="1.040228"/>
</kw>
<kw name="Get Text" owner="Selenium2Library">
<msg time="2026-03-06T10:45:20.750173" level="INFO">${kulsonev} = Sauce Labs Backpack</msg>
<var>${kulsonev}</var>
<arg>//*[@id="item_4_title_link"]/div</arg>
<doc>Returns the text value of the element identified by ``locator``.</doc>
<status status="PASS" start="2026-03-06T10:45:20.730310" elapsed="0.020001"/>
</kw>
<kw name="Get Text" owner="Selenium2Library">
<msg time="2026-03-06T10:45:20.785748" level="INFO">${kulsoar} = $29.99</msg>
<var>${kulsoar}</var>
<arg>//*[@id="inventory_container"]/div/div[1]/div[2]/div[2]/div</arg>
<doc>Returns the text value of the element identified by ``locator``.</doc>
<status status="PASS" start="2026-03-06T10:45:20.750616" elapsed="0.035392"/>
</kw>
<kw name="Click Element" owner="Selenium2Library">
<msg time="2026-03-06T10:45:20.786580" level="INFO">Clicking element '//*[@id="item_4_img_link"]/img'.</msg>
<arg>//*[@id="item_4_img_link"]/img</arg>
<doc>Click the element identified by ``locator``.</doc>
<status status="PASS" start="2026-03-06T10:45:20.786295" elapsed="0.043728"/>
</kw>
<kw name="Get Text" owner="Selenium2Library">
<msg time="2026-03-06T10:45:20.844919" level="INFO">${belsonev} = Sauce Labs Backpack</msg>
<var>${belsonev}</var>
<arg>//*[@id="inventory_item_container"]/div/div/div[2]/div[1]</arg>
<doc>Returns the text value of the element identified by ``locator``.</doc>
<status status="PASS" start="2026-03-06T10:45:20.830326" elapsed="0.014769"/>
</kw>
<kw name="Get Text" owner="Selenium2Library">
<msg time="2026-03-06T10:45:20.856549" level="INFO">${belsoar} = $29.99</msg>
<var>${belsoar}</var>
<arg>//*[@id="inventory_item_container"]/div/div/div[2]/div[3]</arg>
<doc>Returns the text value of the element identified by ``locator``.</doc>
<status status="PASS" start="2026-03-06T10:45:20.845383" elapsed="0.011331"/>
</kw>
<kw name="Kulso-Belso ellenorzes nev">
<kw name="Should Be Equal As Strings" owner="BuiltIn">
<arg>'${kulso}'</arg>
<arg>'${belso}'</arg>
<arg>Nem ugyanaz a belső és a külső név</arg>
<doc>Fails if objects are unequal after converting them to strings.</doc>
<status status="PASS" start="2026-03-06T10:45:20.857382" elapsed="0.000478"/>
</kw>
<arg>kulso=${kulsonev}</arg>
<arg>belso=${belsonev}</arg>
<status status="PASS" start="2026-03-06T10:45:20.857020" elapsed="0.000943"/>
</kw>
<kw name="Kulso-Belso ellenorzes ar">
<kw name="Should Be Equal As Strings" owner="BuiltIn">
<arg>'${kulso}'</arg>
<arg>'${belso}'</arg>
<arg>Nem ugyanaz a belső és a külső ár</arg>
<doc>Fails if objects are unequal after converting them to strings.</doc>
<status status="PASS" start="2026-03-06T10:45:20.858449" elapsed="0.000288"/>
</kw>
<arg>kulso=${kulsoar}</arg>
<arg>belso=${belsoar}</arg>
<status status="PASS" start="2026-03-06T10:45:20.858167" elapsed="0.000649"/>
</kw>
<kw name="Page Should Contain Element" owner="Selenium2Library">
<msg time="2026-03-06T10:45:20.865434" level="INFO">Current page contains element '//*[@id="inventory_item_container"]/div/div/div[1]/img'.</msg>
<arg>//*[@id="inventory_item_container"]/div/div/div[1]/img</arg>
<doc>Verifies that element ``locator`` is found on the current page.</doc>
<status status="PASS" start="2026-03-06T10:45:20.858959" elapsed="0.006762"/>
</kw>
<kw name="Page Should Contain Element" owner="Selenium2Library">
<msg time="2026-03-06T10:45:20.872132" level="INFO">Current page contains element '//*[@id="inventory_item_container"]/div/div/div[2]/div[2]'.</msg>
<arg>//*[@id="inventory_item_container"]/div/div/div[2]/div[2]</arg>
<doc>Verifies that element ``locator`` is found on the current page.</doc>
<status status="PASS" start="2026-03-06T10:45:20.866028" elapsed="0.006309"/>
</kw>
<kw name="Should Not Be Empty" owner="BuiltIn">
<msg time="2026-03-06T10:45:20.873063" level="INFO">Length is 57.</msg>
<arg>//*[@id="inventory_item_container"]/div/div/div[2]/div[2]</arg>
<doc>Verifies that the given item is not empty.</doc>
<status status="PASS" start="2026-03-06T10:45:20.872715" elapsed="0.000527"/>
</kw>
<kw name="Should Not Be Empty" owner="BuiltIn">
<msg time="2026-03-06T10:45:20.873686" level="INFO">Length is 54.</msg>
<arg>//*[@id="inventory_item_container"]/div/div/div[1]/img</arg>
<doc>Verifies that the given item is not empty.</doc>
<status status="PASS" start="2026-03-06T10:45:20.873436" elapsed="0.000347"/>
</kw>
<kw name="Click Button" owner="Selenium2Library">
<msg time="2026-03-06T10:45:20.874149" level="INFO">Clicking button '//*[@id="back-to-products"]'.</msg>
<arg>//*[@id="back-to-products"]</arg>
<doc>Clicks the button identified by ``locator``.</doc>
<status status="PASS" start="2026-03-06T10:45:20.873967" elapsed="0.046752"/>
</kw>
<kw name="Page Should Contain Element" owner="Selenium2Library">
<msg time="2026-03-06T10:45:20.929735" level="INFO">Current page contains element '//*[@id="header_container"]/div[2]/span'.</msg>
<arg>//*[@id="header_container"]/div[2]/span</arg>
<doc>Verifies that element ``locator`` is found on the current page.</doc>
<status status="PASS" start="2026-03-06T10:45:20.921128" elapsed="0.008929"/>
</kw>
<kw name="Close Browser" owner="Selenium2Library">
<doc>Closes the current browser.</doc>
<status status="PASS" start="2026-03-06T10:45:20.930306" elapsed="2.092947"/>
</kw>
<status status="PASS" start="2026-03-06T10:45:19.686581" elapsed="3.336985"/>
</test>
<status status="PASS" start="2026-03-06T10:45:16.146359" elapsed="6.880429"/>
</suite>
<status status="PASS" start="2026-03-06T10:45:16.120784" elapsed="6.908008"/>
</suite>
<statistics>
<total>
<stat pass="2" fail="0" skip="0">All Tests</stat>
</total>
<tag>
</tag>
<suite>
<stat name="Testingrobotframework" id="s1" pass="2" fail="0" skip="0">Testingrobotframework</stat>
<stat name="Termekreszletek" id="s1-s1" pass="2" fail="0" skip="0">Testingrobotframework.Termekreszletek</stat>
</suite>
</statistics>
<errors>
</errors>
</robot>
