<?xml version="1.0" encoding="UTF-8"?>
<robot generator="Robot 7.4.1 (Python 3.13.5 on win32)" generated="2026-03-06T11:42:31.915796" rpa="false" schemaversion="5">
<suite id="s1" name="Testingrobotframework" source="C:\Users\MeszarosGergo\Desktop\testingrobotframework">
<suite id="s1-s1" name="Checkoutvalidation" source="C:\Users\MeszarosGergo\Desktop\testingrobotframework\checkoutvalidation.robot">
<test id="s1-s1-t1" name="Product Page from Product Name" line="8">
<kw name="Login with valid user" owner="loginkeyword">
<kw name="Open Browser" owner="Selenium2Library">
<msg time="2026-03-06T11:42:32.167655" level="INFO">Opening browser 'chrome' to base url 'https://www.saucedemo.com/'.</msg>
<arg>https://www.saucedemo.com/</arg>
<arg>chrome</arg>
<doc>Opens a new browser instance to the optional ``url``.</doc>
<status status="PASS" start="2026-03-06T11:42:32.167389" elapsed="0.944830"/>
</kw>
<kw name="Input Text" owner="Selenium2Library">
<msg time="2026-03-06T11:42:33.113052" level="INFO">Typing text 'standard_user' into text field 'id=user-name'.</msg>
<arg>locator=id=user-name</arg>
<arg>text=standard_user</arg>
<doc>Types the given ``text`` into the text field identified by ``locator``.</doc>
<status status="PASS" start="2026-03-06T11:42:33.112524" elapsed="0.096058"/>
</kw>
<kw name="Input Password" owner="Selenium2Library">
<msg time="2026-03-06T11:42:33.209086" level="INFO">Typing password into text field 'id=password'.</msg>
<msg time="2026-03-06T11:42:33.233539" level="INFO">Temporally setting log level to: NONE</msg>
<arg>locator=id=password</arg>
<arg>password=secret_sauce</arg>
<doc>Types the given password into the text field identified by ``locator``.</doc>
<status status="PASS" start="2026-03-06T11:42:33.208791" elapsed="0.052546"/>
</kw>
<kw name="Click Button" owner="Selenium2Library">
<msg time="2026-03-06T11:42:33.261790" level="INFO">Clicking button '//*[@id="login-button"]'.</msg>
<arg>//*[@id="login-button"]</arg>
<doc>Clicks the button identified by ``locator``.</doc>
<status status="PASS" start="2026-03-06T11:42:33.261521" elapsed="0.073872"/>
</kw>
<status status="PASS" start="2026-03-06T11:42:32.166641" elapsed="1.168920"/>
</kw>
<kw name="Get Text" owner="Selenium2Library">
<msg time="2026-03-06T11:42:33.355581" level="INFO">${product_name} = Sauce Labs Backpack</msg>
<var>${product_name}</var>
<arg>class:inventory_item_name</arg>
<doc>Returns the text value of the element identified by ``locator``.</doc>
<status status="PASS" start="2026-03-06T11:42:33.335888" elapsed="0.019859"/>
</kw>
<kw name="Get WebElement" owner="Selenium2Library">
<msg time="2026-03-06T11:42:33.364281" level="INFO">${product_img} = &lt;selenium.webdriver.remote.webelement.WebElement (session="578a85a787a848e0ba115102d9693a67", element="f.03133232925923B20CF11FC3BB012D29.d.7FEE035DAE42AF64F611DD14653B853F.e.26")&gt;</msg>
<var>${product_img}</var>
<arg>class:inventory_item_img</arg>
<doc>Returns the first WebElement matching the given ``locator``.</doc>
<status status="PASS" start="2026-03-06T11:42:33.356082" elapsed="0.008355"/>
</kw>
<kw name="Get Text" owner="Selenium2Library">
<msg time="2026-03-06T11:42:33.375633" level="INFO">${product_price} = $29.99</msg>
<var>${product_price}</var>
<arg>class:inventory_item_price</arg>
<doc>Returns the text value of the element identified by ``locator``.</doc>
<status status="PASS" start="2026-03-06T11:42:33.364791" elapsed="0.011111"/>
</kw>
<kw name="Get Text" owner="Selenium2Library">
<msg time="2026-03-06T11:42:33.393478" level="INFO">${product_desc} = carry.allTheThings() with the sleek, streamlined Sly Pack that melds uncompromising style with unequaled laptop and tablet protection.</msg>
<var>${product_desc}</var>
<arg>class:inventory_item_desc</arg>
<doc>Returns the text value of the element identified by ``locator``.</doc>
<status status="PASS" start="2026-03-06T11:42:33.376163" elapsed="0.017460"/>
</kw>
<kw name="Click Element" owner="Selenium2Library">
<msg time="2026-03-06T11:42:33.394187" level="INFO">Clicking element 'class:inventory_item_name'.</msg>
<arg>class:inventory_item_name</arg>
<doc>Click the element identified by ``locator``.</doc>
<status status="PASS" start="2026-03-06T11:42:33.393935" elapsed="0.046863"/>
</kw>
<kw name="Page Should Contain Element" owner="Selenium2Library">
<msg time="2026-03-06T11:42:33.448428" level="INFO">Current page contains element 'class:inventory_details_name'.</msg>
<arg>class:inventory_details_name</arg>
<arg>== ${product_name}</arg>
<doc>Verifies that element ``locator`` is found on the current page.</doc>
<status status="PASS" start="2026-03-06T11:42:33.441118" elapsed="0.007622"/>
</kw>
<kw name="Page Should Contain Element" owner="Selenium2Library">
<msg time="2026-03-06T11:42:33.456101" level="INFO">Current page contains element 'class:inventory_details_img'.</msg>
<arg>class:inventory_details_img</arg>
<arg>== ${product_img}</arg>
<doc>Verifies that element ``locator`` is found on the current page.</doc>
<status status="PASS" start="2026-03-06T11:42:33.449014" elapsed="0.007292"/>
</kw>
<kw name="Page Should Contain Element" owner="Selenium2Library">
<msg time="2026-03-06T11:42:33.463988" level="INFO">Current page contains element 'class:inventory_details_price'.</msg>
<arg>class:inventory_details_price</arg>
<arg>== ${product_price}</arg>
<doc>Verifies that element ``locator`` is found on the current page.</doc>
<status status="PASS" start="2026-03-06T11:42:33.456595" elapsed="0.007675"/>
</kw>
<kw name="Page Should Contain Element" owner="Selenium2Library">
<msg time="2026-03-06T11:42:33.471830" level="INFO">Current page contains element 'class:inventory_details_desc'.</msg>
<arg>class:inventory_details_desc</arg>
<arg>== ${product_desc}</arg>
<doc>Verifies that element ``locator`` is found on the current page.</doc>
<status status="PASS" start="2026-03-06T11:42:33.464721" elapsed="0.007325"/>
</kw>
<kw name="Click Button" owner="Selenium2Library">
<msg time="2026-03-06T11:42:33.472759" level="INFO">Clicking button '//*[@id="back-to-products"]'.</msg>
<arg>//*[@id="back-to-products"]</arg>
<doc>Clicks the button identified by ``locator``.</doc>
<status status="PASS" start="2026-03-06T11:42:33.472424" elapsed="0.050476"/>
</kw>
<kw name="Sleep" owner="BuiltIn">
<msg time="2026-03-06T11:42:36.524010" level="INFO">Slept 3 seconds.</msg>
<arg>3s</arg>
<doc>Pauses the test executed for the given time.</doc>
<status status="PASS" start="2026-03-06T11:42:33.523197" elapsed="3.001051"/>
</kw>
<status status="PASS" start="2026-03-06T11:42:32.163708" elapsed="4.360888"/>
</test>
<test id="s1-s1-t2" name="Product Page from Product Image" line="21">
<kw name="Get Text" owner="Selenium2Library">
<msg time="2026-03-06T11:42:36.565776" level="INFO">${product_name} = Sauce Labs Backpack</msg>
<var>${product_name}</var>
<arg>class:inventory_item_name</arg>
<doc>Returns the text value of the element identified by ``locator``.</doc>
<status status="PASS" start="2026-03-06T11:42:36.529471" elapsed="0.036541"/>
</kw>
<kw name="Get WebElement" owner="Selenium2Library">
<msg time="2026-03-06T11:42:36.575452" level="INFO">${product_img} = &lt;selenium.webdriver.remote.webelement.WebElement (session="578a85a787a848e0ba115102d9693a67", element="f.03133232925923B20CF11FC3BB012D29.d.7FEE035DAE42AF64F611DD14653B853F.e.67")&gt;</msg>
<var>${product_img}</var>
<arg>class:inventory_item_img</arg>
<doc>Returns the first WebElement matching the given ``locator``.</doc>
<status status="PASS" start="2026-03-06T11:42:36.566502" elapsed="0.009116"/>
</kw>
<kw name="Get Text" owner="Selenium2Library">
<msg time="2026-03-06T11:42:36.589672" level="INFO">${product_price} = $29.99</msg>
<var>${product_price}</var>
<arg>class:inventory_item_price</arg>
<doc>Returns the text value of the element identified by ``locator``.</doc>
<status status="PASS" start="2026-03-06T11:42:36.576047" elapsed="0.014010"/>
</kw>
<kw name="Get Text" owner="Selenium2Library">
<msg time="2026-03-06T11:42:36.603971" level="INFO">${product_desc} = carry.allTheThings() with the sleek, streamlined Sly Pack that melds uncompromising style with unequaled laptop and tablet protection.</msg>
<var>${product_desc}</var>
<arg>class:inventory_item_desc</arg>
<doc>Returns the text value of the element identified by ``locator``.</doc>
<status status="PASS" start="2026-03-06T11:42:36.590524" elapsed="0.014017"/>
</kw>
<kw name="Click Element" owner="Selenium2Library">
<msg time="2026-03-06T11:42:36.605235" level="INFO">Clicking element 'class:inventory_item_img'.</msg>
<arg>class:inventory_item_img</arg>
<doc>Click the element identified by ``locator``.</doc>
<status status="PASS" start="2026-03-06T11:42:36.604957" elapsed="0.038038"/>
</kw>
<kw name="Page Should Contain Element" owner="Selenium2Library">
<msg time="2026-03-06T11:42:36.651586" level="INFO">Current page contains element 'class:inventory_details_name'.</msg>
<arg>class:inventory_details_name</arg>
<arg>== ${product_name}</arg>
<doc>Verifies that element ``locator`` is found on the current page.</doc>
<status status="PASS" start="2026-03-06T11:42:36.643346" elapsed="0.008447"/>
</kw>
<kw name="Page Should Contain Element" owner="Selenium2Library">
<msg time="2026-03-06T11:42:36.656338" level="INFO">Current page contains element 'class:inventory_details_img'.</msg>
<arg>class:inventory_details_img</arg>
<arg>== ${product_img}</arg>
<doc>Verifies that element ``locator`` is found on the current page.</doc>
<status status="PASS" start="2026-03-06T11:42:36.652095" elapsed="0.004558"/>
</kw>
<kw name="Page Should Contain Element" owner="Selenium2Library">
<msg time="2026-03-06T11:42:36.660954" level="INFO">Current page contains element 'class:inventory_details_price'.</msg>
<arg>class:inventory_details_price</arg>
<arg>== ${product_price}</arg>
<doc>Verifies that element ``locator`` is found on the current page.</doc>
<status status="PASS" start="2026-03-06T11:42:36.656928" elapsed="0.004206"/>
</kw>
<kw name="Page Should Contain Element" owner="Selenium2Library">
<msg time="2026-03-06T11:42:36.666298" level="INFO">Current page contains element 'class:inventory_details_desc'.</msg>
<arg>class:inventory_details_desc</arg>
<arg>== ${product_desc}</arg>
<doc>Verifies that element ``locator`` is found on the current page.</doc>
<status status="PASS" start="2026-03-06T11:42:36.661424" elapsed="0.005069"/>
</kw>
<kw name="Click Button" owner="Selenium2Library">
<msg time="2026-03-06T11:42:36.667296" level="INFO">Clicking button '//*[@id="back-to-products"]'.</msg>
<arg>//*[@id="back-to-products"]</arg>
<doc>Clicks the button identified by ``locator``.</doc>
<status status="PASS" start="2026-03-06T11:42:36.666993" elapsed="0.049411"/>
</kw>
<kw name="Sleep" owner="BuiltIn">
<msg time="2026-03-06T11:42:39.717206" level="INFO">Slept 3 seconds.</msg>
<arg>3s</arg>
<doc>Pauses the test executed for the given time.</doc>
<status status="PASS" start="2026-03-06T11:42:36.716687" elapsed="3.000742"/>
</kw>
<status status="PASS" start="2026-03-06T11:42:36.527687" elapsed="3.190098"/>
</test>
<test id="s1-s1-t3" name="Checkout Validation" line="34">
<kw name="Click Element" owner="Selenium2Library">
<msg time="2026-03-06T11:42:39.723908" level="INFO">Clicking element 'class:inventory_item_name'.</msg>
<arg>class:inventory_item_name</arg>
<doc>Click the element identified by ``locator``.</doc>
<status status="PASS" start="2026-03-06T11:42:39.723593" elapsed="0.036426"/>
</kw>
<kw name="Click Button" owner="Selenium2Library">
<msg time="2026-03-06T11:42:39.760760" level="INFO">Clicking button '//*[@id="add-to-cart"]'.</msg>
<arg>//*[@id="add-to-cart"]</arg>
<doc>Clicks the button identified by ``locator``.</doc>
<status status="PASS" start="2026-03-06T11:42:39.760370" elapsed="0.045739"/>
</kw>
<kw name="Click Element" owner="Selenium2Library">
<msg time="2026-03-06T11:42:39.806706" level="INFO">Clicking element '//*[@id="shopping_cart_container"]/a'.</msg>
<arg>//*[@id="shopping_cart_container"]/a</arg>
<doc>Click the element identified by ``locator``.</doc>
<status status="PASS" start="2026-03-06T11:42:39.806420" elapsed="0.041860"/>
</kw>
<kw name="Click Button" owner="Selenium2Library">
<msg time="2026-03-06T11:42:39.848949" level="INFO">Clicking button '//*[@id="checkout"]'.</msg>
<arg>//*[@id="checkout"]</arg>
<doc>Clicks the button identified by ``locator``.</doc>
<status status="PASS" start="2026-03-06T11:42:39.848642" elapsed="0.046346"/>
</kw>
<kw name="Click Button" owner="Selenium2Library">
<msg time="2026-03-06T11:42:39.895939" level="INFO">Clicking button '//*[@id="continue"]'.</msg>
<arg>//*[@id="continue"]</arg>
<doc>Clicks the button identified by ``locator``.</doc>
<status status="PASS" start="2026-03-06T11:42:39.895476" elapsed="0.047358"/>
</kw>
<kw name="Page Should Contain Element" owner="Selenium2Library">
<msg time="2026-03-06T11:42:39.950459" level="INFO">Current page contains element '//*[@id="checkout_info_container"]/div/form/div[1]/div[4]'.</msg>
<arg>//*[@id="checkout_info_container"]/div/form/div[1]/div[4]</arg>
<doc>Verifies that element ``locator`` is found on the current page.</doc>
<status status="PASS" start="2026-03-06T11:42:39.943272" elapsed="0.007381"/>
</kw>
<kw name="Sleep" owner="BuiltIn">
<msg time="2026-03-06T11:42:41.951916" level="INFO">Slept 2 seconds.</msg>
<arg>2s</arg>
<doc>Pauses the test executed for the given time.</doc>
<status status="PASS" start="2026-03-06T11:42:39.951049" elapsed="2.001109"/>
</kw>
<status status="PASS" start="2026-03-06T11:42:39.721420" elapsed="2.231264"/>
</test>
<test id="s1-s1-t4" name="Checkout Validation with Long Input" line="43">
<kw name="Evaluate" owner="BuiltIn">
<msg time="2026-03-06T11:42:41.958659" level="INFO">${long_name} = AAAAAAAAAAAAAAAAAAAAAAAAAAAAAAAAAAAAAAAAAAAAAAAAAAAAAAAAAAAAAAAAAAAAAAAAAAAAAAAAAAAAAAAAAAAAAAAAAAAA</msg>
<var>${long_name}</var>
<arg>"A" * 100</arg>
<doc>Evaluates the given expression in Python and returns the result.</doc>
<status status="PASS" start="2026-03-06T11:42:41.958205" elapsed="0.000621"/>
</kw>
<kw name="Input Text" owner="Selenium2Library">
<msg time="2026-03-06T11:42:41.959339" level="INFO">Typing text 'AAAAAAAAAAAAAAAAAAAAAAAAAAAAAAAAAAAAAAAAAAAAAAAAAAAAAAAAAAAAAAAAAAAAAAAAAAAAAAAAAAAAAAAAAAAAAAAAAAAA' into text field '//*[@id="first-name"]'.</msg>
<arg>//*[@id="first-name"]</arg>
<arg>${long_name}</arg>
<doc>Types the given ``text`` into the text field identified by ``locator``.</doc>
<status status="PASS" start="2026-03-06T11:42:41.959072" elapsed="0.151171"/>
</kw>
<kw name="Input Text" owner="Selenium2Library">
<msg time="2026-03-06T11:42:42.110901" level="INFO">Typing text 'AAAAAAAAAAAAAAAAAAAAAAAAAAAAAAAAAAAAAAAAAAAAAAAAAAAAAAAAAAAAAAAAAAAAAAAAAAAAAAAAAAAAAAAAAAAAAAAAAAAA' into text field '//*[@id="last-name"]'.</msg>
<arg>//*[@id="last-name"]</arg>
<arg>${long_name}</arg>
<doc>Types the given ``text`` into the text field identified by ``locator``.</doc>
<status status="PASS" start="2026-03-06T11:42:42.110596" elapsed="0.161499"/>
</kw>
<kw name="Input Text" owner="Selenium2Library">
<msg time="2026-03-06T11:42:42.272792" level="INFO">Typing text 'AAAAAAAAAAAAAAAAAAAAAAAAAAAAAAAAAAAAAAAAAAAAAAAAAAAAAAAAAAAAAAAAAAAAAAAAAAAAAAAAAAAAAAAAAAAAAAAAAAAA' into text field '//*[@id="postal-code"]'.</msg>
<arg>//*[@id="postal-code"]</arg>
<arg>${long_name}</arg>
<doc>Types the given ``text`` into the text field identified by ``locator``.</doc>
<status status="PASS" start="2026-03-06T11:42:42.272471" elapsed="0.136212"/>
</kw>
<kw name="Click Button" owner="Selenium2Library">
<msg time="2026-03-06T11:42:42.409428" level="INFO">Clicking button '//*[@id="continue"]'.</msg>
<arg>//*[@id="continue"]</arg>
<doc>Clicks the button identified by ``locator``.</doc>
<status status="PASS" start="2026-03-06T11:42:42.409064" elapsed="0.046273"/>
</kw>
<kw name="Location Should Be" owner="Selenium2Library">
<msg time="2026-03-06T11:42:42.523595" level="INFO" html="true">&lt;/td&gt;&lt;/tr&gt;&lt;tr&gt;&lt;td colspan="3"&gt;&lt;a href="selenium-screenshot-18.png"&gt;&lt;img src="selenium-screenshot-18.png" width="800px"&gt;&lt;/a&gt;</msg>
<msg time="2026-03-06T11:42:42.523954" level="FAIL">Location should have been 'https://www.saucedemo.com/checkout-step-one.html' but was 'https://www.saucedemo.com/checkout-step-two.html'.</msg>
<arg>https://www.saucedemo.com/checkout-step-one.html</arg>
<doc>Verifies that the current URL is exactly ``url``.</doc>
<status status="FAIL" start="2026-03-06T11:42:42.455658" elapsed="0.074021">Location should have been 'https://www.saucedemo.com/checkout-step-one.html' but was 'https://www.saucedemo.com/checkout-step-two.html'.</status>
</kw>
<kw name="Sleep" owner="BuiltIn">
<arg>2s</arg>
<doc>Pauses the test executed for the given time.</doc>
<status status="NOT RUN" start="2026-03-06T11:42:42.530013" elapsed="0.000205"/>
</kw>
<kw name="Close Browser" owner="Selenium2Library">
<doc>Closes the current browser.</doc>
<status status="NOT RUN" start="2026-03-06T11:42:42.530428" elapsed="0.000114"/>
</kw>
<status status="FAIL" start="2026-03-06T11:42:41.956074" elapsed="0.574692">Location should have been 'https://www.saucedemo.com/checkout-step-one.html' but was 'https://www.saucedemo.com/checkout-step-two.html'.</status>
</test>
<test id="s1-s1-t5" name="Checkout Validation with Special Characters" line="53">
<kw name="Login with valid user" owner="loginkeyword">
<kw name="Open Browser" owner="Selenium2Library">
<msg time="2026-03-06T11:42:42.537396" level="INFO">Opening browser 'chrome' to base url 'https://www.saucedemo.com/'.</msg>
<arg>https://www.saucedemo.com/</arg>
<arg>chrome</arg>
<doc>Opens a new browser instance to the optional ``url``.</doc>
<status status="PASS" start="2026-03-06T11:42:42.537168" elapsed="0.886741"/>
</kw>
<kw name="Input Text" owner="Selenium2Library">
<msg time="2026-03-06T11:42:43.424357" level="INFO">Typing text 'standard_user' into text field 'id=user-name'.</msg>
<arg>locator=id=user-name</arg>
<arg>text=standard_user</arg>
<doc>Types the given ``text`` into the text field identified by ``locator``.</doc>
<status status="PASS" start="2026-03-06T11:42:43.424094" elapsed="0.072377"/>
</kw>
<kw name="Input Password" owner="Selenium2Library">
<msg time="2026-03-06T11:42:43.497120" level="INFO">Typing password into text field 'id=password'.</msg>
<msg time="2026-03-06T11:42:43.517615" level="INFO">Temporally setting log level to: NONE</msg>
<arg>locator=id=password</arg>
<arg>password=secret_sauce</arg>
<doc>Types the given password into the text field identified by ``locator``.</doc>
<status status="PASS" start="2026-03-06T11:42:43.496825" elapsed="0.050937"/>
</kw>
<kw name="Click Button" owner="Selenium2Library">
<msg time="2026-03-06T11:42:43.548191" level="INFO">Clicking button '//*[@id="login-button"]'.</msg>
<arg>//*[@id="login-button"]</arg>
<doc>Clicks the button identified by ``locator``.</doc>
<status status="PASS" start="2026-03-06T11:42:43.547945" elapsed="0.069124"/>
</kw>
<status status="PASS" start="2026-03-06T11:42:42.536855" elapsed="1.080373"/>
</kw>
<kw name="Click Element" owner="Selenium2Library">
<msg time="2026-03-06T11:42:43.617935" level="INFO">Clicking element 'class:inventory_item_name'.</msg>
<arg>class:inventory_item_name</arg>
<doc>Click the element identified by ``locator``.</doc>
<status status="PASS" start="2026-03-06T11:42:43.617646" elapsed="0.053454"/>
</kw>
<kw name="Click Button" owner="Selenium2Library">
<msg time="2026-03-06T11:42:43.671764" level="INFO">Clicking button '//*[@id="add-to-cart"]'.</msg>
<arg>//*[@id="add-to-cart"]</arg>
<doc>Clicks the button identified by ``locator``.</doc>
<status status="PASS" start="2026-03-06T11:42:43.671474" elapsed="0.050527"/>
</kw>
<kw name="Click Element" owner="Selenium2Library">
<msg time="2026-03-06T11:42:43.722551" level="INFO">Clicking element '//*[@id="shopping_cart_container"]/a'.</msg>
<arg>//*[@id="shopping_cart_container"]/a</arg>
<doc>Click the element identified by ``locator``.</doc>
<status status="PASS" start="2026-03-06T11:42:43.722283" elapsed="0.038770"/>
</kw>
<kw name="Click Button" owner="Selenium2Library">
<msg time="2026-03-06T11:42:43.761766" level="INFO">Clicking button '//*[@id="checkout"]'.</msg>
<arg>//*[@id="checkout"]</arg>
<doc>Clicks the button identified by ``locator``.</doc>
<status status="PASS" start="2026-03-06T11:42:43.761366" elapsed="0.045761"/>
</kw>
<kw name="Evaluate" owner="BuiltIn">
<msg time="2026-03-06T11:42:43.807912" level="INFO">${special_chars} = $Ł*;&gt;&amp;%#@!^+|~`</msg>
<var>${special_chars}</var>
<arg>"$Ł*;&gt;&amp;%#@!^+|~`"</arg>
<doc>Evaluates the given expression in Python and returns the result.</doc>
<status status="PASS" start="2026-03-06T11:42:43.807441" elapsed="0.000619"/>
</kw>
<kw name="Input Text" owner="Selenium2Library">
<msg time="2026-03-06T11:42:43.808622" level="INFO">Typing text '$Ł*;&gt;&amp;%#@!^+|~`' into text field '//*[@id="first-name"]'.</msg>
<arg>//*[@id="first-name"]</arg>
<arg>${special_chars}</arg>
<doc>Types the given ``text`` into the text field identified by ``locator``.</doc>
<status status="PASS" start="2026-03-06T11:42:43.808320" elapsed="0.058470"/>
</kw>
<kw name="Input Text" owner="Selenium2Library">
<msg time="2026-03-06T11:42:43.867519" level="INFO">Typing text '$Ł*;&gt;&amp;%#@!^+|~`' into text field '//*[@id="last-name"]'.</msg>
<arg>//*[@id="last-name"]</arg>
<arg>${special_chars}</arg>
<doc>Types the given ``text`` into the text field identified by ``locator``.</doc>
<status status="PASS" start="2026-03-06T11:42:43.867201" elapsed="0.071759"/>
</kw>
<kw name="Input Text" owner="Selenium2Library">
<msg time="2026-03-06T11:42:43.939522" level="INFO">Typing text '$Ł*;&gt;&amp;%#@!^+|~`' into text field '//*[@id="postal-code"]'.</msg>
<arg>//*[@id="postal-code"]</arg>
<arg>${special_chars}</arg>
<doc>Types the given ``text`` into the text field identified by ``locator``.</doc>
<status status="PASS" start="2026-03-06T11:42:43.939229" elapsed="0.050952"/>
</kw>
<kw name="Click Button" owner="Selenium2Library">
<msg time="2026-03-06T11:42:43.990809" level="INFO">Clicking button '//*[@id="continue"]'.</msg>
<arg>//*[@id="continue"]</arg>
<doc>Clicks the button identified by ``locator``.</doc>
<status status="PASS" start="2026-03-06T11:42:43.990548" elapsed="0.048830"/>
</kw>
<kw name="Location Should Be" owner="Selenium2Library">
<msg time="2026-03-06T11:42:44.115308" level="INFO" html="true">&lt;/td&gt;&lt;/tr&gt;&lt;tr&gt;&lt;td colspan="3"&gt;&lt;a href="selenium-screenshot-19.png"&gt;&lt;img src="selenium-screenshot-19.png" width="800px"&gt;&lt;/a&gt;</msg>
<msg time="2026-03-06T11:42:44.115728" level="FAIL">Location should have been 'https://www.saucedemo.com/checkout-step-one.html' but was 'https://www.saucedemo.com/checkout-step-two.html'.</msg>
<arg>https://www.saucedemo.com/checkout-step-one.html</arg>
<doc>Verifies that the current URL is exactly ``url``.</doc>
<status status="FAIL" start="2026-03-06T11:42:44.039806" elapsed="0.080827">Location should have been 'https://www.saucedemo.com/checkout-step-one.html' but was 'https://www.saucedemo.com/checkout-step-two.html'.</status>
</kw>
<kw name="Sleep" owner="BuiltIn">
<arg>2s</arg>
<doc>Pauses the test executed for the given time.</doc>
<status status="NOT RUN" start="2026-03-06T11:42:44.121039" elapsed="0.000201"/>
</kw>
<kw name="Close Browser" owner="Selenium2Library">
<doc>Closes the current browser.</doc>
<status status="NOT RUN" start="2026-03-06T11:42:44.121501" elapsed="0.000142"/>
</kw>
<status status="FAIL" start="2026-03-06T11:42:42.534917" elapsed="1.587032">Location should have been 'https://www.saucedemo.com/checkout-step-one.html' but was 'https://www.saucedemo.com/checkout-step-two.html'.</status>
</test>
<test id="s1-s1-t6" name="Checkout Validation with Number in Name" line="68">
<kw name="Login with valid user" owner="loginkeyword">
<kw name="Open Browser" owner="Selenium2Library">
<msg time="2026-03-06T11:42:44.130666" level="INFO">Opening browser 'chrome' to base url 'https://www.saucedemo.com/'.</msg>
<arg>https://www.saucedemo.com/</arg>
<arg>chrome</arg>
<doc>Opens a new browser instance to the optional ``url``.</doc>
<status status="PASS" start="2026-03-06T11:42:44.130375" elapsed="0.840346"/>
</kw>
<kw name="Input Text" owner="Selenium2Library">
<msg time="2026-03-06T11:42:44.971231" level="INFO">Typing text 'standard_user' into text field 'id=user-name'.</msg>
<arg>locator=id=user-name</arg>
<arg>text=standard_user</arg>
<doc>Types the given ``text`` into the text field identified by ``locator``.</doc>
<status status="PASS" start="2026-03-06T11:42:44.970924" elapsed="0.083921"/>
</kw>
<kw name="Input Password" owner="Selenium2Library">
<msg time="2026-03-06T11:42:45.055749" level="INFO">Typing password into text field 'id=password'.</msg>
<msg time="2026-03-06T11:42:45.082582" level="INFO">Temporally setting log level to: NONE</msg>
<arg>locator=id=password</arg>
<arg>password=secret_sauce</arg>
<doc>Types the given password into the text field identified by ``locator``.</doc>
<status status="PASS" start="2026-03-06T11:42:45.055202" elapsed="0.068087"/>
</kw>
<kw name="Click Button" owner="Selenium2Library">
<msg time="2026-03-06T11:42:45.123889" level="INFO">Clicking button '//*[@id="login-button"]'.</msg>
<arg>//*[@id="login-button"]</arg>
<doc>Clicks the button identified by ``locator``.</doc>
<status status="PASS" start="2026-03-06T11:42:45.123549" elapsed="0.084480"/>
</kw>
<status status="PASS" start="2026-03-06T11:42:44.129900" elapsed="1.078331"/>
</kw>
<kw name="Click Element" owner="Selenium2Library">
<msg time="2026-03-06T11:42:45.208929" level="INFO">Clicking element 'class:inventory_item_name'.</msg>
<arg>class:inventory_item_name</arg>
<doc>Click the element identified by ``locator``.</doc>
<status status="PASS" start="2026-03-06T11:42:45.208572" elapsed="0.061087"/>
</kw>
<kw name="Click Button" owner="Selenium2Library">
<msg time="2026-03-06T11:42:45.270411" level="INFO">Clicking button '//*[@id="add-to-cart"]'.</msg>
<arg>//*[@id="add-to-cart"]</arg>
<doc>Clicks the button identified by ``locator``.</doc>
<status status="PASS" start="2026-03-06T11:42:45.270118" elapsed="0.055938"/>
</kw>
<kw name="Click Element" owner="Selenium2Library">
<msg time="2026-03-06T11:42:45.326714" level="INFO">Clicking element '//*[@id="shopping_cart_container"]/a'.</msg>
<arg>//*[@id="shopping_cart_container"]/a</arg>
<doc>Click the element identified by ``locator``.</doc>
<status status="PASS" start="2026-03-06T11:42:45.326392" elapsed="0.048846"/>
</kw>
<kw name="Click Button" owner="Selenium2Library">
<msg time="2026-03-06T11:42:45.376318" level="INFO">Clicking button '//*[@id="checkout"]'.</msg>
<arg>//*[@id="checkout"]</arg>
<doc>Clicks the button identified by ``locator``.</doc>
<status status="PASS" start="2026-03-06T11:42:45.375740" elapsed="0.061258"/>
</kw>
<kw name="Input Text" owner="Selenium2Library">
<msg time="2026-03-06T11:42:45.438480" level="INFO">Typing text '123' into text field '//*[@id="first-name"]'.</msg>
<arg>//*[@id="first-name"]</arg>
<arg>123</arg>
<doc>Types the given ``text`` into the text field identified by ``locator``.</doc>
<status status="PASS" start="2026-03-06T11:42:45.437763" elapsed="0.060214"/>
</kw>
<kw name="Input Text" owner="Selenium2Library">
<msg time="2026-03-06T11:42:45.499623" level="INFO">Typing text '456' into text field '//*[@id="last-name"]'.</msg>
<arg>//*[@id="last-name"]</arg>
<arg>456</arg>
<doc>Types the given ``text`` into the text field identified by ``locator``.</doc>
<status status="PASS" start="2026-03-06T11:42:45.498775" elapsed="0.057840"/>
</kw>
<kw name="Input Text" owner="Selenium2Library">
<msg time="2026-03-06T11:42:45.557239" level="INFO">Typing text '12345' into text field '//*[@id="postal-code"]'.</msg>
<arg>//*[@id="postal-code"]</arg>
<arg>12345</arg>
<doc>Types the given ``text`` into the text field identified by ``locator``.</doc>
<status status="PASS" start="2026-03-06T11:42:45.556934" elapsed="0.057186"/>
</kw>
<kw name="Click Button" owner="Selenium2Library">
<msg time="2026-03-06T11:42:45.614787" level="INFO">Clicking button '//*[@id="continue"]'.</msg>
<arg>//*[@id="continue"]</arg>
<doc>Clicks the button identified by ``locator``.</doc>
<status status="PASS" start="2026-03-06T11:42:45.614450" elapsed="0.059161"/>
</kw>
<kw name="Location Should Be" owner="Selenium2Library">
<msg time="2026-03-06T11:42:45.766198" level="INFO" html="true">&lt;/td&gt;&lt;/tr&gt;&lt;tr&gt;&lt;td colspan="3"&gt;&lt;a href="selenium-screenshot-20.png"&gt;&lt;img src="selenium-screenshot-20.png" width="800px"&gt;&lt;/a&gt;</msg>
<msg time="2026-03-06T11:42:45.766436" level="FAIL">Location should have been 'https://www.saucedemo.com/checkout-step-one.html' but was 'https://www.saucedemo.com/checkout-step-two.html'.</msg>
<arg>https://www.saucedemo.com/checkout-step-one.html</arg>
<doc>Verifies that the current URL is exactly ``url``.</doc>
<status status="FAIL" start="2026-03-06T11:42:45.674105" elapsed="0.096878">Location should have been 'https://www.saucedemo.com/checkout-step-one.html' but was 'https://www.saucedemo.com/checkout-step-two.html'.</status>
</kw>
<kw name="Close Browser" owner="Selenium2Library">
<doc>Closes the current browser.</doc>
<status status="NOT RUN" start="2026-03-06T11:42:45.771263" elapsed="0.000117"/>
</kw>
<status status="FAIL" start="2026-03-06T11:42:44.127007" elapsed="1.644567">Location should have been 'https://www.saucedemo.com/checkout-step-one.html' but was 'https://www.saucedemo.com/checkout-step-two.html'.</status>
</test>
<test id="s1-s1-t7" name="Checkout Validation with Valid Input but Cancel" line="81">
<kw name="Login with valid user" owner="loginkeyword">
<kw name="Open Browser" owner="Selenium2Library">
<msg time="2026-03-06T11:42:45.778280" level="INFO">Opening browser 'chrome' to base url 'https://www.saucedemo.com/'.</msg>
<arg>https://www.saucedemo.com/</arg>
<arg>chrome</arg>
<doc>Opens a new browser instance to the optional ``url``.</doc>
<status status="PASS" start="2026-03-06T11:42:45.778089" elapsed="0.915326"/>
</kw>
<kw name="Input Text" owner="Selenium2Library">
<msg time="2026-03-06T11:42:46.694272" level="INFO">Typing text 'standard_user' into text field 'id=user-name'.</msg>
<arg>locator=id=user-name</arg>
<arg>text=standard_user</arg>
<doc>Types the given ``text`` into the text field identified by ``locator``.</doc>
<status status="PASS" start="2026-03-06T11:42:46.693708" elapsed="0.077331"/>
</kw>
<kw name="Input Password" owner="Selenium2Library">
<msg time="2026-03-06T11:42:46.771890" level="INFO">Typing password into text field 'id=password'.</msg>
<msg time="2026-03-06T11:42:46.793515" level="INFO">Temporally setting log level to: NONE</msg>
<arg>locator=id=password</arg>
<arg>password=secret_sauce</arg>
<doc>Types the given password into the text field identified by ``locator``.</doc>
<status status="PASS" start="2026-03-06T11:42:46.771291" elapsed="0.051913"/>
</kw>
<kw name="Click Button" owner="Selenium2Library">
<msg time="2026-03-06T11:42:46.823799" level="INFO">Clicking button '//*[@id="login-button"]'.</msg>
<arg>//*[@id="login-button"]</arg>
<doc>Clicks the button identified by ``locator``.</doc>
<status status="PASS" start="2026-03-06T11:42:46.823454" elapsed="0.070390"/>
</kw>
<status status="PASS" start="2026-03-06T11:42:45.777775" elapsed="1.116213"/>
</kw>
<kw name="Click Element" owner="Selenium2Library">
<msg time="2026-03-06T11:42:46.894536" level="INFO">Clicking element 'class:inventory_item_name'.</msg>
<arg>class:inventory_item_name</arg>
<doc>Click the element identified by ``locator``.</doc>
<status status="PASS" start="2026-03-06T11:42:46.894257" elapsed="0.050849"/>
</kw>
<kw name="Click Button" owner="Selenium2Library">
<msg time="2026-03-06T11:42:46.946086" level="INFO">Clicking button '//*[@id="add-to-cart"]'.</msg>
<arg>//*[@id="add-to-cart"]</arg>
<doc>Clicks the button identified by ``locator``.</doc>
<status status="PASS" start="2026-03-06T11:42:46.945552" elapsed="0.054223"/>
</kw>
<kw name="Click Element" owner="Selenium2Library">
<msg time="2026-03-06T11:42:47.000313" level="INFO">Clicking element '//*[@id="shopping_cart_container"]/a'.</msg>
<arg>//*[@id="shopping_cart_container"]/a</arg>
<doc>Click the element identified by ``locator``.</doc>
<status status="PASS" start="2026-03-06T11:42:47.000052" elapsed="0.039836"/>
</kw>
<kw name="Click Button" owner="Selenium2Library">
<msg time="2026-03-06T11:42:47.040528" level="INFO">Clicking button '//*[@id="checkout"]'.</msg>
<arg>//*[@id="checkout"]</arg>
<doc>Clicks the button identified by ``locator``.</doc>
<status status="PASS" start="2026-03-06T11:42:47.040252" elapsed="0.049365"/>
</kw>
<kw name="Input Text" owner="Selenium2Library">
<msg time="2026-03-06T11:42:47.090153" level="INFO">Typing text 'John' into text field '//*[@id="first-name"]'.</msg>
<arg>//*[@id="first-name"]</arg>
<arg>John</arg>
<doc>Types the given ``text`` into the text field identified by ``locator``.</doc>
<status status="PASS" start="2026-03-06T11:42:47.089896" elapsed="0.048949"/>
</kw>
<kw name="Input Text" owner="Selenium2Library">
<msg time="2026-03-06T11:42:47.139376" level="INFO">Typing text 'Doe' into text field '//*[@id="last-name"]'.</msg>
<arg>//*[@id="last-name"]</arg>
<arg>Doe</arg>
<doc>Types the given ``text`` into the text field identified by ``locator``.</doc>
<status status="PASS" start="2026-03-06T11:42:47.139112" elapsed="0.044528"/>
</kw>
<kw name="Input Text" owner="Selenium2Library">
<msg time="2026-03-06T11:42:47.184159" level="INFO">Typing text '12345' into text field '//*[@id="postal-code"]'.</msg>
<arg>//*[@id="postal-code"]</arg>
<arg>12345</arg>
<doc>Types the given ``text`` into the text field identified by ``locator``.</doc>
<status status="PASS" start="2026-03-06T11:42:47.183900" elapsed="0.044290"/>
</kw>
<kw name="Click Button" owner="Selenium2Library">
<msg time="2026-03-06T11:42:47.229103" level="INFO">Clicking button '//*[@id="continue"]'.</msg>
<arg>//*[@id="continue"]</arg>
<doc>Clicks the button identified by ``locator``.</doc>
<status status="PASS" start="2026-03-06T11:42:47.228679" elapsed="0.048525"/>
</kw>
<kw name="Click Button" owner="Selenium2Library">
<msg time="2026-03-06T11:42:47.277815" level="INFO">Clicking button '//*[@id="cancel"]'.</msg>
<arg>//*[@id="cancel"]</arg>
<doc>Clicks the button identified by ``locator``.</doc>
<status status="PASS" start="2026-03-06T11:42:47.277546" elapsed="0.051009"/>
</kw>
<kw name="Location Should Be" owner="Selenium2Library">
<msg time="2026-03-06T11:42:47.446532" level="INFO" html="true">&lt;/td&gt;&lt;/tr&gt;&lt;tr&gt;&lt;td colspan="3"&gt;&lt;a href="selenium-screenshot-21.png"&gt;&lt;img src="selenium-screenshot-21.png" width="800px"&gt;&lt;/a&gt;</msg>
<msg time="2026-03-06T11:42:47.446781" level="FAIL">Location should have been 'https://www.saucedemo.com/cart.html' but was 'https://www.saucedemo.com/inventory.html'.</msg>
<arg>https://www.saucedemo.com/cart.html</arg>
<doc>Verifies that the current URL is exactly ``url``.</doc>
<status status="FAIL" start="2026-03-06T11:42:47.328897" elapsed="0.122313">Location should have been 'https://www.saucedemo.com/cart.html' but was 'https://www.saucedemo.com/inventory.html'.</status>
</kw>
<kw name="Sleep" owner="BuiltIn">
<arg>2s</arg>
<doc>Pauses the test executed for the given time.</doc>
<status status="NOT RUN" start="2026-03-06T11:42:47.451512" elapsed="0.000118"/>
</kw>
<kw name="Close Browser" owner="Selenium2Library">
<doc>Closes the current browser.</doc>
<status status="NOT RUN" start="2026-03-06T11:42:47.451795" elapsed="0.000072"/>
</kw>
<status status="FAIL" start="2026-03-06T11:42:45.775434" elapsed="1.676614">Location should have been 'https://www.saucedemo.com/cart.html' but was 'https://www.saucedemo.com/inventory.html'.</status>
</test>
<test id="s1-s1-t8" name="Checkout Validation with Valid Input" line="96">
<kw name="Login with valid user" owner="loginkeyword">
<kw name="Open Browser" owner="Selenium2Library">
<msg time="2026-03-06T11:42:47.459066" level="INFO">Opening browser 'chrome' to base url 'https://www.saucedemo.com/'.</msg>
<arg>https://www.saucedemo.com/</arg>
<arg>chrome</arg>
<doc>Opens a new browser instance to the optional ``url``.</doc>
<status status="PASS" start="2026-03-06T11:42:47.458816" elapsed="0.927871"/>
</kw>
<kw name="Input Text" owner="Selenium2Library">
<msg time="2026-03-06T11:42:48.387585" level="INFO">Typing text 'standard_user' into text field 'id=user-name'.</msg>
<arg>locator=id=user-name</arg>
<arg>text=standard_user</arg>
<doc>Types the given ``text`` into the text field identified by ``locator``.</doc>
<status status="PASS" start="2026-03-06T11:42:48.387139" elapsed="0.087234"/>
</kw>
<kw name="Input Password" owner="Selenium2Library">
<msg time="2026-03-06T11:42:48.475058" level="INFO">Typing password into text field 'id=password'.</msg>
<msg time="2026-03-06T11:42:48.499299" level="INFO">Temporally setting log level to: NONE</msg>
<arg>locator=id=password</arg>
<arg>password=secret_sauce</arg>
<doc>Types the given password into the text field identified by ``locator``.</doc>
<status status="PASS" start="2026-03-06T11:42:48.474771" elapsed="0.077740"/>
</kw>
<kw name="Click Button" owner="Selenium2Library">
<msg time="2026-03-06T11:42:48.553107" level="INFO">Clicking button '//*[@id="login-button"]'.</msg>
<arg>//*[@id="login-button"]</arg>
<doc>Clicks the button identified by ``locator``.</doc>
<status status="PASS" start="2026-03-06T11:42:48.552762" elapsed="0.083066"/>
</kw>
<status status="PASS" start="2026-03-06T11:42:47.458398" elapsed="1.177656"/>
</kw>
<kw name="Click Element" owner="Selenium2Library">
<msg time="2026-03-06T11:42:48.636826" level="INFO">Clicking element 'class:inventory_item_name'.</msg>
<arg>class:inventory_item_name</arg>
<doc>Click the element identified by ``locator``.</doc>
<status status="PASS" start="2026-03-06T11:42:48.636428" elapsed="0.057846"/>
</kw>
<kw name="Click Button" owner="Selenium2Library">
<msg time="2026-03-06T11:42:48.695615" level="INFO">Clicking button '//*[@id="add-to-cart"]'.</msg>
<arg>//*[@id="add-to-cart"]</arg>
<doc>Clicks the button identified by ``locator``.</doc>
<status status="PASS" start="2026-03-06T11:42:48.694965" elapsed="0.058365"/>
</kw>
<kw name="Click Element" owner="Selenium2Library">
<msg time="2026-03-06T11:42:48.754024" level="INFO">Clicking element '//*[@id="shopping_cart_container"]/a'.</msg>
<arg>//*[@id="shopping_cart_container"]/a</arg>
<doc>Click the element identified by ``locator``.</doc>
<status status="PASS" start="2026-03-06T11:42:48.753696" elapsed="0.045367"/>
</kw>
<kw name="Click Button" owner="Selenium2Library">
<msg time="2026-03-06T11:42:48.799883" level="INFO">Clicking button '//*[@id="checkout"]'.</msg>
<arg>//*[@id="checkout"]</arg>
<doc>Clicks the button identified by ``locator``.</doc>
<status status="PASS" start="2026-03-06T11:42:48.799465" elapsed="0.051875"/>
</kw>
<kw name="Input Text" owner="Selenium2Library">
<msg time="2026-03-06T11:42:48.852056" level="INFO">Typing text 'John' into text field '//*[@id="first-name"]'.</msg>
<arg>//*[@id="first-name"]</arg>
<arg>John</arg>
<doc>Types the given ``text`` into the text field identified by ``locator``.</doc>
<status status="PASS" start="2026-03-06T11:42:48.851772" elapsed="0.053423"/>
</kw>
<kw name="Input Text" owner="Selenium2Library">
<msg time="2026-03-06T11:42:48.906005" level="INFO">Typing text 'Doe' into text field '//*[@id="last-name"]'.</msg>
<arg>//*[@id="last-name"]</arg>
<arg>Doe</arg>
<doc>Types the given ``text`` into the text field identified by ``locator``.</doc>
<status status="PASS" start="2026-03-06T11:42:48.905586" elapsed="0.048391"/>
</kw>
<kw name="Input Text" owner="Selenium2Library">
<msg time="2026-03-06T11:42:48.954747" level="INFO">Typing text '12345' into text field '//*[@id="postal-code"]'.</msg>
<arg>//*[@id="postal-code"]</arg>
<arg>12345</arg>
<doc>Types the given ``text`` into the text field identified by ``locator``.</doc>
<status status="PASS" start="2026-03-06T11:42:48.954378" elapsed="0.050616"/>
</kw>
<kw name="Click Button" owner="Selenium2Library">
<msg time="2026-03-06T11:42:49.005560" level="INFO">Clicking button '//*[@id="continue"]'.</msg>
<arg>//*[@id="continue"]</arg>
<doc>Clicks the button identified by ``locator``.</doc>
<status status="PASS" start="2026-03-06T11:42:49.005295" elapsed="0.049471"/>
</kw>
<kw name="Click Button" owner="Selenium2Library">
<msg time="2026-03-06T11:42:49.055523" level="INFO">Clicking button '//*[@id="finish"]'.</msg>
<arg>//*[@id="finish"]</arg>
<doc>Clicks the button identified by ``locator``.</doc>
<status status="PASS" start="2026-03-06T11:42:49.055213" elapsed="0.079094"/>
</kw>
<kw name="Location Should Be" owner="Selenium2Library">
<msg time="2026-03-06T11:42:49.140082" level="INFO">Current location is 'https://www.saucedemo.com/checkout-complete.html'.</msg>
<arg>https://www.saucedemo.com/checkout-complete.html</arg>
<doc>Verifies that the current URL is exactly ``url``.</doc>
<status status="PASS" start="2026-03-06T11:42:49.134685" elapsed="0.005587"/>
</kw>
<kw name="Close All Browsers" owner="Selenium2Library">
<doc>Closes all open browsers and resets the browser cache.</doc>
<status status="PASS" start="2026-03-06T11:42:49.140622" elapsed="10.509181"/>
</kw>
<status status="PASS" start="2026-03-06T11:42:47.455889" elapsed="12.194332"/>
</test>
<status status="FAIL" start="2026-03-06T11:42:31.953558" elapsed="27.700518"/>
</suite>
<status status="FAIL" start="2026-03-06T11:42:31.920018" elapsed="27.736616"/>
</suite>
<statistics>
<total>
<stat pass="4" fail="4" skip="0">All Tests</stat>
</total>
<tag>
</tag>
<suite>
<stat name="Testingrobotframework" id="s1" pass="4" fail="4" skip="0">Testingrobotframework</stat>
<stat name="Checkoutvalidation" id="s1-s1" pass="4" fail="4" skip="0">Testingrobotframework.Checkoutvalidation</stat>
</suite>
</statistics>
<errors>
</errors>
</robot>
